0 info it worked if it ends with ok
1 verbose cli [ 'D:\\Program Files\\nodejs\\node.exe',
1 verbose cli   'C:\\Users\\dell1\\AppData\\Roaming\\npm\\node_modules\\npm\\bin\\npm-cli.js',
1 verbose cli   'start' ]
2 info using npm@4.0.3
3 info using node@v4.4.5
4 verbose run-script [ 'prestart', 'start', 'poststart' ]
5 info lifecycle customer@0.0.0~prestart: customer@0.0.0
6 silly lifecycle customer@0.0.0~prestart: no script for prestart, continuing
7 info lifecycle customer@0.0.0~start: customer@0.0.0
8 verbose lifecycle customer@0.0.0~start: unsafe-perm in lifecycle true
9 verbose lifecycle customer@0.0.0~start: PATH: C:\Users\dell1\AppData\Roaming\npm\node_modules\npm\bin\node-gyp-bin;C:\Users\dell1\Desktop\custom\node_modules\.bin;C:\WINDOWS\system32;C:\WINDOWS;C:\WINDOWS\System32\Wbem;C:\WINDOWS\System32\WindowsPowerShell\v1.0\;c:\Program Files (x86)\ATI Technologies\ATI.ACE\Core-Static;D:\Program Files\nodejs\;D:\Program Files (x86)\Git\cmd;D:\Program Files (x86)\Git\mingw32\bin;D:\Program Files (x86)\Git\usr\bin;C:\Program Files\TortoiseSVN\bin;F:\MySQL\bin;C:\Users\dell1\AppData\Roaming\npm;%USERPROFILE%\AppData\Local\Microsoft\WindowsApps;
10 verbose lifecycle customer@0.0.0~start: CWD: C:\Users\dell1\Desktop\custom
11 silly lifecycle customer@0.0.0~start: Args: [ '/d /s /c', 'node ./bin/www' ]
12 silly lifecycle customer@0.0.0~start: Returned: code: 3221225786  signal: null
13 info lifecycle customer@0.0.0~start: Failed to exec start script
14 verbose stack Error: customer@0.0.0 start: `node ./bin/www`
14 verbose stack Exit status 3221225786
14 verbose stack     at EventEmitter.<anonymous> (C:\Users\dell1\AppData\Roaming\npm\node_modules\npm\lib\utils\lifecycle.js:279:16)
14 verbose stack     at emitTwo (events.js:87:13)
14 verbose stack     at EventEmitter.emit (events.js:172:7)
14 verbose stack     at ChildProcess.<anonymous> (C:\Users\dell1\AppData\Roaming\npm\node_modules\npm\lib\utils\spawn.js:40:14)
14 verbose stack     at emitTwo (events.js:87:13)
14 verbose stack     at ChildProcess.emit (events.js:172:7)
14 verbose stack     at maybeClose (internal/child_process.js:827:16)
14 verbose stack     at Process.ChildProcess._handle.onexit (internal/child_process.js:211:5)
15 verbose pkgid customer@0.0.0
16 verbose cwd C:\Users\dell1\Desktop\custom
17 error Windows_NT 10.0.14393
18 error argv "D:\\Program Files\\nodejs\\node.exe" "C:\\Users\\dell1\\AppData\\Roaming\\npm\\node_modules\\npm\\bin\\npm-cli.js" "start"
19 error node v4.4.5
20 error npm  v4.0.3
21 error code ELIFECYCLE
22 error customer@0.0.0 start: `node ./bin/www`
22 error Exit status 3221225786
23 error Failed at the customer@0.0.0 start script 'node ./bin/www'.
23 error Make sure you have the latest version of node.js and npm installed.
23 error If you do, this is most likely a problem with the customer package,
23 error not with npm itself.
23 error Tell the author that this fails on your system:
23 error     node ./bin/www
23 error You can get information on how to open an issue for this project with:
23 error     npm bugs customer
23 error Or if that isn't available, you can get their info via:
23 error     npm owner ls customer
23 error There is likely additional logging output above.
24 verbose exit [ 1, true ]
